TN:
SF:/Users/amac/code/flare/flux/node_modules/@flarenetwork/flare-periphery-contracts/coston2/ContractRegistry.sol
DA:1,0
DA:49,0
DA:51,0
DA:454,0
DA:455,0
DA:457,0
DA:458,0
end_of_record

SF:/Users/amac/code/flare/flux/node_modules/@flarenetwork/flare-periphery-contracts/coston2/FtsoV2Interface.sol
end_of_record

SF:/Users/amac/code/flare/flux/node_modules/@flarenetwork/flare-periphery-contracts/coston2/IAddressValidity.sol
end_of_record

SF:/Users/amac/code/flare/flux/node_modules/@flarenetwork/flare-periphery-contracts/coston2/IAddressValidityVerification.sol
end_of_record

SF:/Users/amac/code/flare/flux/node_modules/@flarenetwork/flare-periphery-contracts/coston2/IAgentAlwaysAllowedMinters.sol
end_of_record

SF:/Users/amac/code/flare/flux/node_modules/@flarenetwork/flare-periphery-contracts/coston2/IAgentPing.sol
end_of_record

SF:/Users/amac/code/flare/flux/node_modules/@flarenetwork/flare-periphery-contracts/coston2/IAssetManager.sol
end_of_record

SF:/Users/amac/code/flare/flux/node_modules/@flarenetwork/flare-periphery-contracts/coston2/IAssetManagerController.sol
end_of_record

SF:/Users/amac/code/flare/flux/node_modules/@flarenetwork/flare-periphery-contracts/coston2/IAssetManagerEvents.sol
end_of_record

SF:/Users/amac/code/flare/flux/node_modules/@flarenetwork/flare-periphery-contracts/coston2/IBalanceDecreasingTransaction.sol
end_of_record

SF:/Users/amac/code/flare/flux/node_modules/@flarenetwork/flare-periphery-contracts/coston2/IBalanceDecreasingTransactionVerification.sol
end_of_record

SF:/Users/amac/code/flare/flux/node_modules/@flarenetwork/flare-periphery-contracts/coston2/IBn256.sol
end_of_record

SF:/Users/amac/code/flare/flux/node_modules/@flarenetwork/flare-periphery-contracts/coston2/IClaimSetupManager.sol
end_of_record

SF:/Users/amac/code/flare/flux/node_modules/@flarenetwork/flare-periphery-contracts/coston2/IConfirmedBlockHeightExists.sol
end_of_record

SF:/Users/amac/code/flare/flux/node_modules/@flarenetwork/flare-periphery-contracts/coston2/IConfirmedBlockHeightExistsVerification.sol
end_of_record

SF:/Users/amac/code/flare/flux/node_modules/@flarenetwork/flare-periphery-contracts/coston2/ICoreVaultClient.sol
end_of_record

SF:/Users/amac/code/flare/flux/node_modules/@flarenetwork/flare-periphery-contracts/coston2/ICoreVaultClientSettings.sol
end_of_record

SF:/Users/amac/code/flare/flux/node_modules/@flarenetwork/flare-periphery-contracts/coston2/IDelegationAccount.sol
end_of_record

SF:/Users/amac/code/flare/flux/node_modules/@flarenetwork/flare-periphery-contracts/coston2/IEVMTransaction.sol
end_of_record

SF:/Users/amac/code/flare/flux/node_modules/@flarenetwork/flare-periphery-contracts/coston2/IEVMTransactionVerification.sol
end_of_record

SF:/Users/amac/code/flare/flux/node_modules/@flarenetwork/flare-periphery-contracts/coston2/IEntityManager.sol
end_of_record

SF:/Users/amac/code/flare/flux/node_modules/@flarenetwork/flare-periphery-contracts/coston2/IFastUpdateIncentiveManager.sol
end_of_record

SF:/Users/amac/code/flare/flux/node_modules/@flarenetwork/flare-periphery-contracts/coston2/IFastUpdater.sol
end_of_record

SF:/Users/amac/code/flare/flux/node_modules/@flarenetwork/flare-periphery-contracts/coston2/IFastUpdatesConfiguration.sol
end_of_record

SF:/Users/amac/code/flare/flux/node_modules/@flarenetwork/flare-periphery-contracts/coston2/IFdcHub.sol
end_of_record

SF:/Users/amac/code/flare/flux/node_modules/@flarenetwork/flare-periphery-contracts/coston2/IFdcInflationConfigurations.sol
end_of_record

SF:/Users/amac/code/flare/flux/node_modules/@flarenetwork/flare-periphery-contracts/coston2/IFdcRequestFeeConfigurations.sol
end_of_record

SF:/Users/amac/code/flare/flux/node_modules/@flarenetwork/flare-periphery-contracts/coston2/IFdcVerification.sol
end_of_record

SF:/Users/amac/code/flare/flux/node_modules/@flarenetwork/flare-periphery-contracts/coston2/IFeeCalculator.sol
end_of_record

SF:/Users/amac/code/flare/flux/node_modules/@flarenetwork/flare-periphery-contracts/coston2/IFixedPointArithmetic.sol
end_of_record

SF:/Users/amac/code/flare/flux/node_modules/@flarenetwork/flare-periphery-contracts/coston2/IFlareAssetRegistry.sol
end_of_record

SF:/Users/amac/code/flare/flux/node_modules/@flarenetwork/flare-periphery-contracts/coston2/IFlareContractRegistry.sol
end_of_record

SF:/Users/amac/code/flare/flux/node_modules/@flarenetwork/flare-periphery-contracts/coston2/IFlareSystemsCalculator.sol
end_of_record

SF:/Users/amac/code/flare/flux/node_modules/@flarenetwork/flare-periphery-contracts/coston2/IFlareSystemsManager.sol
end_of_record

SF:/Users/amac/code/flare/flux/node_modules/@flarenetwork/flare-periphery-contracts/coston2/IFtso.sol
end_of_record

SF:/Users/amac/code/flare/flux/node_modules/@flarenetwork/flare-periphery-contracts/coston2/IFtsoFeedDecimals.sol
end_of_record

SF:/Users/amac/code/flare/flux/node_modules/@flarenetwork/flare-periphery-contracts/coston2/IFtsoFeedIdConverter.sol
end_of_record

SF:/Users/amac/code/flare/flux/node_modules/@flarenetwork/flare-periphery-contracts/coston2/IFtsoFeedPublisher.sol
end_of_record

SF:/Users/amac/code/flare/flux/node_modules/@flarenetwork/flare-periphery-contracts/coston2/IFtsoInflationConfigurations.sol
end_of_record

SF:/Users/amac/code/flare/flux/node_modules/@flarenetwork/flare-periphery-contracts/coston2/IFtsoManager.sol
end_of_record

SF:/Users/amac/code/flare/flux/node_modules/@flarenetwork/flare-periphery-contracts/coston2/IFtsoRegistry.sol
end_of_record

SF:/Users/amac/code/flare/flux/node_modules/@flarenetwork/flare-periphery-contracts/coston2/IFtsoRewardManager.sol
end_of_record

SF:/Users/amac/code/flare/flux/node_modules/@flarenetwork/flare-periphery-contracts/coston2/IFtsoRewardOffersManager.sol
end_of_record

SF:/Users/amac/code/flare/flux/node_modules/@flarenetwork/flare-periphery-contracts/coston2/IGenericRewardManager.sol
end_of_record

SF:/Users/amac/code/flare/flux/node_modules/@flarenetwork/flare-periphery-contracts/coston2/IGovernanceSettings.sol
end_of_record

SF:/Users/amac/code/flare/flux/node_modules/@flarenetwork/flare-periphery-contracts/coston2/IGovernanceVotePower.sol
end_of_record

SF:/Users/amac/code/flare/flux/node_modules/@flarenetwork/flare-periphery-contracts/coston2/IIncreaseManager.sol
end_of_record

SF:/Users/amac/code/flare/flux/node_modules/@flarenetwork/flare-periphery-contracts/coston2/IJsonApi.sol
end_of_record

SF:/Users/amac/code/flare/flux/node_modules/@flarenetwork/flare-periphery-contracts/coston2/IJsonApiVerification.sol
end_of_record

SF:/Users/amac/code/flare/flux/node_modules/@flarenetwork/flare-periphery-contracts/coston2/IPChainStakeMirror.sol
end_of_record

SF:/Users/amac/code/flare/flux/node_modules/@flarenetwork/flare-periphery-contracts/coston2/IPChainStakeMirrorVerifier.sol
end_of_record

SF:/Users/amac/code/flare/flux/node_modules/@flarenetwork/flare-periphery-contracts/coston2/IPChainVotePower.sol
end_of_record

SF:/Users/amac/code/flare/flux/node_modules/@flarenetwork/flare-periphery-contracts/coston2/IPayment.sol
end_of_record

SF:/Users/amac/code/flare/flux/node_modules/@flarenetwork/flare-periphery-contracts/coston2/IPaymentVerification.sol
end_of_record

SF:/Users/amac/code/flare/flux/node_modules/@flarenetwork/flare-periphery-contracts/coston2/IPriceSubmitter.sol
end_of_record

SF:/Users/amac/code/flare/flux/node_modules/@flarenetwork/flare-periphery-contracts/coston2/IRandomProvider.sol
end_of_record

SF:/Users/amac/code/flare/flux/node_modules/@flarenetwork/flare-periphery-contracts/coston2/IRedemptionTimeExtension.sol
end_of_record

SF:/Users/amac/code/flare/flux/node_modules/@flarenetwork/flare-periphery-contracts/coston2/IReferencedPaymentNonexistence.sol
end_of_record

SF:/Users/amac/code/flare/flux/node_modules/@flarenetwork/flare-periphery-contracts/coston2/IReferencedPaymentNonexistenceVerification.sol
end_of_record

SF:/Users/amac/code/flare/flux/node_modules/@flarenetwork/flare-periphery-contracts/coston2/IRelay.sol
end_of_record

SF:/Users/amac/code/flare/flux/node_modules/@flarenetwork/flare-periphery-contracts/coston2/IRewardManager.sol
end_of_record

SF:/Users/amac/code/flare/flux/node_modules/@flarenetwork/flare-periphery-contracts/coston2/ISortition.sol
end_of_record

SF:/Users/amac/code/flare/flux/node_modules/@flarenetwork/flare-periphery-contracts/coston2/ISubmission.sol
end_of_record

SF:/Users/amac/code/flare/flux/node_modules/@flarenetwork/flare-periphery-contracts/coston2/IVPContractEvents.sol
end_of_record

SF:/Users/amac/code/flare/flux/node_modules/@flarenetwork/flare-periphery-contracts/coston2/IVPToken.sol
end_of_record

SF:/Users/amac/code/flare/flux/node_modules/@flarenetwork/flare-periphery-contracts/coston2/IVoterRegistry.sol
end_of_record

SF:/Users/amac/code/flare/flux/node_modules/@flarenetwork/flare-periphery-contracts/coston2/IVoterWhitelister.sol
end_of_record

SF:/Users/amac/code/flare/flux/node_modules/@flarenetwork/flare-periphery-contracts/coston2/IWNat.sol
end_of_record

SF:/Users/amac/code/flare/flux/node_modules/@flarenetwork/flare-periphery-contracts/coston2/IWNatDelegationFee.sol
end_of_record

SF:/Users/amac/code/flare/flux/node_modules/@flarenetwork/flare-periphery-contracts/coston2/IWeb2Json.sol
end_of_record

SF:/Users/amac/code/flare/flux/node_modules/@flarenetwork/flare-periphery-contracts/coston2/IWeb2JsonVerification.sol
end_of_record

SF:/Users/amac/code/flare/flux/node_modules/@flarenetwork/flare-periphery-contracts/coston2/ProtocolsV2Interface.sol
end_of_record

SF:/Users/amac/code/flare/flux/node_modules/@flarenetwork/flare-periphery-contracts/coston2/RandomNumberV2Interface.sol
end_of_record

SF:/Users/amac/code/flare/flux/node_modules/@flarenetwork/flare-periphery-contracts/coston2/RewardsV2Interface.sol
end_of_record

SF:/Users/amac/code/flare/flux/node_modules/@flarenetwork/flare-periphery-contracts/coston2/TestFtsoV2Interface.sol
end_of_record

SF:/Users/amac/code/flare/flux/node_modules/@flarenetwork/flare-periphery-contracts/coston2/data/AgentInfo.sol
DA:6,0
end_of_record

SF:/Users/amac/code/flare/flux/node_modules/@flarenetwork/flare-periphery-contracts/coston2/data/AgentSettings.sol
DA:6,0
end_of_record

SF:/Users/amac/code/flare/flux/node_modules/@flarenetwork/flare-periphery-contracts/coston2/data/AssetManagerSettings.sol
DA:4,0
end_of_record

SF:/Users/amac/code/flare/flux/node_modules/@flarenetwork/flare-periphery-contracts/coston2/data/AvailableAgentInfo.sol
DA:6,0
end_of_record

SF:/Users/amac/code/flare/flux/node_modules/@flarenetwork/flare-periphery-contracts/coston2/data/CollateralReservationInfo.sol
DA:4,0
end_of_record

SF:/Users/amac/code/flare/flux/node_modules/@flarenetwork/flare-periphery-contracts/coston2/data/CollateralType.sol
DA:6,0
end_of_record

SF:/Users/amac/code/flare/flux/node_modules/@flarenetwork/flare-periphery-contracts/coston2/data/EmergencyPause.sol
DA:4,0
end_of_record

SF:/Users/amac/code/flare/flux/node_modules/@flarenetwork/flare-periphery-contracts/coston2/data/RedemptionRequestInfo.sol
DA:4,0
end_of_record

SF:/Users/amac/code/flare/flux/node_modules/@flarenetwork/flare-periphery-contracts/coston2/data/RedemptionTicketInfo.sol
DA:4,0
end_of_record

SF:/Users/amac/code/flare/flux/node_modules/@flarenetwork/flare-periphery-contracts/coston2/diamond/interfaces/IDiamondLoupe.sol
end_of_record

SF:/Users/amac/code/flare/flux/node_modules/@flarenetwork/flare-periphery-contracts/coston2/ftso/interfaces/IIFtso.sol
end_of_record

SF:/Users/amac/code/flare/flux/node_modules/@flarenetwork/flare-periphery-contracts/coston2/genesis/interfaces/IFtsoGenesis.sol
end_of_record

SF:/Users/amac/code/flare/flux/node_modules/@flarenetwork/flare-periphery-contracts/coston2/genesis/interfaces/IFtsoManagerGenesis.sol
end_of_record

SF:/Users/amac/code/flare/flux/node_modules/@flarenetwork/flare-periphery-contracts/coston2/genesis/interfaces/IFtsoRegistryGenesis.sol
end_of_record

SF:/Users/amac/code/flare/flux/node_modules/@flarenetwork/flare-periphery-contracts/coston2/token/interfaces/IICleanable.sol
end_of_record

SF:/Users/amac/code/flare/flux/node_modules/@flarenetwork/flare-periphery-contracts/coston2/token/interfaces/IIGovernanceVotePower.sol
end_of_record

SF:/Users/amac/code/flare/flux/node_modules/@flarenetwork/flare-periphery-contracts/coston2/token/interfaces/IIVPContract.sol
end_of_record

SF:/Users/amac/code/flare/flux/node_modules/@flarenetwork/flare-periphery-contracts/coston2/token/interfaces/IIVPToken.sol
end_of_record

SF:/Users/amac/code/flare/flux/node_modules/@openzeppelin/contracts/interfaces/IERC1363.sol
end_of_record

SF:/Users/amac/code/flare/flux/node_modules/@openzeppelin/contracts/interfaces/IERC165.sol
end_of_record

SF:/Users/amac/code/flare/flux/node_modules/@openzeppelin/contracts/interfaces/IERC20.sol
end_of_record

SF:/Users/amac/code/flare/flux/node_modules/@openzeppelin/contracts/interfaces/draft-IERC6093.sol
end_of_record

SF:/Users/amac/code/flare/flux/node_modules/@openzeppelin/contracts/token/ERC20/ERC20.sol
DA:45,6
DA:46,7
DA:52,8
DA:53,0
DA:60,0
DA:61,0
DA:82,4
DA:83,0
DA:87,10
DA:88,13
DA:99,12
DA:101,5
DA:106,0
DA:107,25
DA:120,22
DA:122,6
DA:123,4
DA:142,14
DA:144,6
DA:145,7
DA:146,2
DA:159,1
DA:160,5
DA:161,0
DA:163,5
DA:164,0
DA:166,6
DA:176,5
DA:177,9
DA:179,15
DA:181,14
DA:182,7
DA:183,8
DA:187,19
DA:191,6
DA:194,0
DA:199,19
DA:203,18
DA:214,1
DA:215,5
DA:216,0
DA:218,6
DA:229,0
DA:230,0
DA:231,0
DA:233,0
DA:251,5
DA:252,8
DA:273,6
DA:274,5
DA:275,0
DA:277,5
DA:278,0
DA:280,28
DA:281,4
DA:282,18
DA:294,6
DA:295,1
DA:296,5
DA:297,0
DA:298,8
DA:301,1
end_of_record

SF:/Users/amac/code/flare/flux/node_modules/@openzeppelin/contracts/token/ERC20/IERC20.sol
end_of_record

SF:/Users/amac/code/flare/flux/node_modules/@openzeppelin/contracts/token/ERC20/extensions/IERC20Metadata.sol
end_of_record

SF:/Users/amac/code/flare/flux/node_modules/@openzeppelin/contracts/token/ERC20/utils/SafeERC20.sol
DA:18,0
DA:33,5
DA:34,50
DA:41,6
DA:42,16
DA:173,1
DA:174,1
DA:175,1
DA:177,11
DA:179,4
DA:180,2
DA:181,4
DA:182,3
DA:184,2
DA:185,2
DA:188,14
DA:189,0
end_of_record

SF:/Users/amac/code/flare/flux/node_modules/@openzeppelin/contracts/utils/Context.sol
DA:18,6
end_of_record

SF:/Users/amac/code/flare/flux/node_modules/@openzeppelin/contracts/utils/ReentrancyGuard.sol
DA:37,4
DA:38,2
DA:48,2
DA:59,12
DA:60,2
DA:61,5
DA:64,2
DA:66,6
DA:67,0
DA:71,2
DA:74,3
DA:77,6
end_of_record

SF:/Users/amac/code/flare/flux/node_modules/@openzeppelin/contracts/utils/introspection/IERC165.sol
end_of_record

SF:/Users/amac/code/flare/flux/contracts/PredictionDerivatives.sol
DA:67,207
DA:98,14
DA:101,6
DA:104,1
DA:107,1
DA:110,1
DA:113,6
DA:116,1
DA:119,1
DA:122,0
DA:125,0
DA:128,0
DA:131,0
DA:134,6
DA:137,0
DA:140,0
DA:143,0
DA:147,79
DA:153,0
DA:162,27
DA:163,5
DA:164,5
DA:166,5
DA:167,3
DA:168,11
DA:169,9
DA:170,2
DA:181,19
DA:186,5
DA:188,6
DA:189,6
DA:190,6
DA:193,10
DA:196,8
DA:199,12
DA:201,30
DA:207,9
DA:208,73
DA:209,11
DA:215,3
DA:216,12
DA:217,9
DA:218,15
DA:219,6
DA:225,2
DA:231,3
DA:232,12
DA:233,15
DA:235,226
DA:236,1
DA:237,2
DA:238,1
DA:243,1
DA:244,1
DA:247,29
DA:255,22
DA:256,10
DA:257,19
DA:258,8
DA:261,74
DA:262,15
DA:265,180
DA:268,14
DA:269,13
DA:272,8
DA:275,4
DA:276,8
DA:279,16
DA:286,16
DA:287,10
DA:288,19
DA:289,16
DA:292,74
DA:293,15
DA:296,18
DA:299,8
DA:302,4
DA:303,8
DA:306,15
DA:314,0
DA:315,0
DA:323,16
DA:324,184
DA:325,6
DA:327,74
DA:328,13
DA:330,7
DA:338,14
DA:339,184
DA:340,6
DA:342,66
DA:343,13
DA:346,21
DA:348,4
DA:356,0
DA:357,0
DA:363,4
DA:364,0
DA:365,0
DA:366,1
DA:373,0
DA:374,0
DA:375,0
DA:376,0
DA:377,0
DA:384,0
DA:385,0
DA:386,0
DA:387,0
DA:388,0
DA:394,1
DA:398,2
DA:399,27
DA:400,3
DA:402,3
DA:409,10
DA:412,36
DA:414,12
DA:417,13
DA:422,24
end_of_record

SF:/Users/amac/code/flare/flux/contracts/PredictionMarketOracle.sol
DA:56,0
DA:74,0
DA:77,0
DA:80,0
DA:83,0
DA:86,0
DA:89,0
DA:92,0
DA:99,0
DA:104,0
DA:105,0
DA:113,0
DA:115,0
DA:118,0
DA:121,0
DA:124,0
DA:125,0
DA:126,0
DA:127,0
DA:128,0
DA:129,0
DA:130,0
DA:131,0
DA:134,0
DA:137,0
DA:138,0
DA:139,0
DA:142,0
DA:150,0
DA:151,0
DA:152,0
DA:161,0
DA:163,0
DA:164,0
DA:165,0
DA:166,0
DA:175,0
DA:176,0
DA:177,0
DA:178,0
DA:185,0
DA:186,0
DA:193,0
DA:194,0
DA:201,0
DA:202,0
DA:203,0
DA:210,0
DA:211,0
DA:212,0
DA:219,0
DA:220,0
DA:221,0
DA:222,0
DA:223,0
DA:230,0
DA:232,0
DA:233,0
DA:236,0
DA:237,0
DA:240,0
DA:248,0
DA:249,0
DA:250,0
DA:257,0
end_of_record

SF:/Users/amac/code/flare/flux/contracts/mocks/MockERC20.sol
DA:11,89
DA:14,30
DA:15,4
DA:18,0
DA:19,0
DA:22,16
DA:23,6
DA:26,0
DA:27,0
end_of_record

SF:/Users/amac/code/flare/flux/contracts/test/EchidnaTest.sol
DA:12,61
DA:13,0
DA:15,14
DA:16,140
DA:17,1
DA:19,1
DA:20,1
DA:21,1
DA:22,1
DA:23,1
DA:27,0
DA:29,0
DA:30,0
DA:33,25
DA:34,230
DA:35,13
DA:38,25
DA:39,1
DA:47,140
DA:48,4
DA:49,8
DA:50,0
DA:55,0
DA:56,10
DA:58,7
DA:59,36
DA:60,43
DA:61,36
DA:64,65
DA:67,43
DA:68,65
DA:76,0
DA:77,0
DA:78,0
DA:79,0
DA:80,0
DA:81,0
DA:90,0
DA:91,0
DA:92,0
DA:93,0
DA:94,0
DA:95,0
DA:96,0
DA:97,0
DA:107,0
DA:108,0
DA:114,0
DA:115,0
DA:121,8
DA:122,0
DA:123,0
DA:124,0
DA:125,0
DA:126,0
DA:127,0
DA:128,0
DA:132,0
DA:137,16
DA:138,7
DA:139,9
DA:141,86
DA:142,15
DA:146,11
DA:147,7
DA:148,9
DA:150,37
DA:155,11
DA:156,7
DA:157,9
DA:159,37
DA:164,11
DA:165,7
DA:166,9
DA:168,37
DA:173,14
DA:174,7
DA:176,64
DA:177,60
DA:178,62
DA:179,7
DA:180,20
DA:185,13
DA:186,7
DA:188,42
DA:192,14
DA:193,8
DA:194,9
DA:195,66
DA:200,6
DA:201,66
DA:202,2
DA:203,17
DA:206,4
DA:207,66
DA:208,70
DA:209,10
DA:212,8
DA:213,66
DA:214,8
DA:215,19
end_of_record

