TN:
SF:/Users/amac/code/flare/flux/node_modules/@flarenetwork/flare-periphery-contracts/coston2/ContractRegistry.sol
DA:1,0
DA:49,0
DA:51,0
DA:454,0
DA:455,0
DA:457,0
DA:458,0
end_of_record

SF:/Users/amac/code/flare/flux/node_modules/@flarenetwork/flare-periphery-contracts/coston2/FtsoV2Interface.sol
end_of_record

SF:/Users/amac/code/flare/flux/node_modules/@flarenetwork/flare-periphery-contracts/coston2/IAddressValidity.sol
end_of_record

SF:/Users/amac/code/flare/flux/node_modules/@flarenetwork/flare-periphery-contracts/coston2/IAddressValidityVerification.sol
end_of_record

SF:/Users/amac/code/flare/flux/node_modules/@flarenetwork/flare-periphery-contracts/coston2/IAgentAlwaysAllowedMinters.sol
end_of_record

SF:/Users/amac/code/flare/flux/node_modules/@flarenetwork/flare-periphery-contracts/coston2/IAgentPing.sol
end_of_record

SF:/Users/amac/code/flare/flux/node_modules/@flarenetwork/flare-periphery-contracts/coston2/IAssetManager.sol
end_of_record

SF:/Users/amac/code/flare/flux/node_modules/@flarenetwork/flare-periphery-contracts/coston2/IAssetManagerController.sol
end_of_record

SF:/Users/amac/code/flare/flux/node_modules/@flarenetwork/flare-periphery-contracts/coston2/IAssetManagerEvents.sol
end_of_record

SF:/Users/amac/code/flare/flux/node_modules/@flarenetwork/flare-periphery-contracts/coston2/IBalanceDecreasingTransaction.sol
end_of_record

SF:/Users/amac/code/flare/flux/node_modules/@flarenetwork/flare-periphery-contracts/coston2/IBalanceDecreasingTransactionVerification.sol
end_of_record

SF:/Users/amac/code/flare/flux/node_modules/@flarenetwork/flare-periphery-contracts/coston2/IBn256.sol
end_of_record

SF:/Users/amac/code/flare/flux/node_modules/@flarenetwork/flare-periphery-contracts/coston2/IClaimSetupManager.sol
end_of_record

SF:/Users/amac/code/flare/flux/node_modules/@flarenetwork/flare-periphery-contracts/coston2/IConfirmedBlockHeightExists.sol
end_of_record

SF:/Users/amac/code/flare/flux/node_modules/@flarenetwork/flare-periphery-contracts/coston2/IConfirmedBlockHeightExistsVerification.sol
end_of_record

SF:/Users/amac/code/flare/flux/node_modules/@flarenetwork/flare-periphery-contracts/coston2/ICoreVaultClient.sol
end_of_record

SF:/Users/amac/code/flare/flux/node_modules/@flarenetwork/flare-periphery-contracts/coston2/ICoreVaultClientSettings.sol
end_of_record

SF:/Users/amac/code/flare/flux/node_modules/@flarenetwork/flare-periphery-contracts/coston2/IDelegationAccount.sol
end_of_record

SF:/Users/amac/code/flare/flux/node_modules/@flarenetwork/flare-periphery-contracts/coston2/IEVMTransaction.sol
end_of_record

SF:/Users/amac/code/flare/flux/node_modules/@flarenetwork/flare-periphery-contracts/coston2/IEVMTransactionVerification.sol
end_of_record

SF:/Users/amac/code/flare/flux/node_modules/@flarenetwork/flare-periphery-contracts/coston2/IEntityManager.sol
end_of_record

SF:/Users/amac/code/flare/flux/node_modules/@flarenetwork/flare-periphery-contracts/coston2/IFastUpdateIncentiveManager.sol
end_of_record

SF:/Users/amac/code/flare/flux/node_modules/@flarenetwork/flare-periphery-contracts/coston2/IFastUpdater.sol
end_of_record

SF:/Users/amac/code/flare/flux/node_modules/@flarenetwork/flare-periphery-contracts/coston2/IFastUpdatesConfiguration.sol
end_of_record

SF:/Users/amac/code/flare/flux/node_modules/@flarenetwork/flare-periphery-contracts/coston2/IFdcHub.sol
end_of_record

SF:/Users/amac/code/flare/flux/node_modules/@flarenetwork/flare-periphery-contracts/coston2/IFdcInflationConfigurations.sol
end_of_record

SF:/Users/amac/code/flare/flux/node_modules/@flarenetwork/flare-periphery-contracts/coston2/IFdcRequestFeeConfigurations.sol
end_of_record

SF:/Users/amac/code/flare/flux/node_modules/@flarenetwork/flare-periphery-contracts/coston2/IFdcVerification.sol
end_of_record

SF:/Users/amac/code/flare/flux/node_modules/@flarenetwork/flare-periphery-contracts/coston2/IFeeCalculator.sol
end_of_record

SF:/Users/amac/code/flare/flux/node_modules/@flarenetwork/flare-periphery-contracts/coston2/IFixedPointArithmetic.sol
end_of_record

SF:/Users/amac/code/flare/flux/node_modules/@flarenetwork/flare-periphery-contracts/coston2/IFlareAssetRegistry.sol
end_of_record

SF:/Users/amac/code/flare/flux/node_modules/@flarenetwork/flare-periphery-contracts/coston2/IFlareContractRegistry.sol
end_of_record

SF:/Users/amac/code/flare/flux/node_modules/@flarenetwork/flare-periphery-contracts/coston2/IFlareSystemsCalculator.sol
end_of_record

SF:/Users/amac/code/flare/flux/node_modules/@flarenetwork/flare-periphery-contracts/coston2/IFlareSystemsManager.sol
end_of_record

SF:/Users/amac/code/flare/flux/node_modules/@flarenetwork/flare-periphery-contracts/coston2/IFtso.sol
end_of_record

SF:/Users/amac/code/flare/flux/node_modules/@flarenetwork/flare-periphery-contracts/coston2/IFtsoFeedDecimals.sol
end_of_record

SF:/Users/amac/code/flare/flux/node_modules/@flarenetwork/flare-periphery-contracts/coston2/IFtsoFeedIdConverter.sol
end_of_record

SF:/Users/amac/code/flare/flux/node_modules/@flarenetwork/flare-periphery-contracts/coston2/IFtsoFeedPublisher.sol
end_of_record

SF:/Users/amac/code/flare/flux/node_modules/@flarenetwork/flare-periphery-contracts/coston2/IFtsoInflationConfigurations.sol
end_of_record

SF:/Users/amac/code/flare/flux/node_modules/@flarenetwork/flare-periphery-contracts/coston2/IFtsoManager.sol
end_of_record

SF:/Users/amac/code/flare/flux/node_modules/@flarenetwork/flare-periphery-contracts/coston2/IFtsoRegistry.sol
end_of_record

SF:/Users/amac/code/flare/flux/node_modules/@flarenetwork/flare-periphery-contracts/coston2/IFtsoRewardManager.sol
end_of_record

SF:/Users/amac/code/flare/flux/node_modules/@flarenetwork/flare-periphery-contracts/coston2/IFtsoRewardOffersManager.sol
end_of_record

SF:/Users/amac/code/flare/flux/node_modules/@flarenetwork/flare-periphery-contracts/coston2/IGenericRewardManager.sol
end_of_record

SF:/Users/amac/code/flare/flux/node_modules/@flarenetwork/flare-periphery-contracts/coston2/IGovernanceSettings.sol
end_of_record

SF:/Users/amac/code/flare/flux/node_modules/@flarenetwork/flare-periphery-contracts/coston2/IGovernanceVotePower.sol
end_of_record

SF:/Users/amac/code/flare/flux/node_modules/@flarenetwork/flare-periphery-contracts/coston2/IIncreaseManager.sol
end_of_record

SF:/Users/amac/code/flare/flux/node_modules/@flarenetwork/flare-periphery-contracts/coston2/IJsonApi.sol
end_of_record

SF:/Users/amac/code/flare/flux/node_modules/@flarenetwork/flare-periphery-contracts/coston2/IJsonApiVerification.sol
end_of_record

SF:/Users/amac/code/flare/flux/node_modules/@flarenetwork/flare-periphery-contracts/coston2/IPChainStakeMirror.sol
end_of_record

SF:/Users/amac/code/flare/flux/node_modules/@flarenetwork/flare-periphery-contracts/coston2/IPChainStakeMirrorVerifier.sol
end_of_record

SF:/Users/amac/code/flare/flux/node_modules/@flarenetwork/flare-periphery-contracts/coston2/IPChainVotePower.sol
end_of_record

SF:/Users/amac/code/flare/flux/node_modules/@flarenetwork/flare-periphery-contracts/coston2/IPayment.sol
end_of_record

SF:/Users/amac/code/flare/flux/node_modules/@flarenetwork/flare-periphery-contracts/coston2/IPaymentVerification.sol
end_of_record

SF:/Users/amac/code/flare/flux/node_modules/@flarenetwork/flare-periphery-contracts/coston2/IPriceSubmitter.sol
end_of_record

SF:/Users/amac/code/flare/flux/node_modules/@flarenetwork/flare-periphery-contracts/coston2/IRandomProvider.sol
end_of_record

SF:/Users/amac/code/flare/flux/node_modules/@flarenetwork/flare-periphery-contracts/coston2/IRedemptionTimeExtension.sol
end_of_record

SF:/Users/amac/code/flare/flux/node_modules/@flarenetwork/flare-periphery-contracts/coston2/IReferencedPaymentNonexistence.sol
end_of_record

SF:/Users/amac/code/flare/flux/node_modules/@flarenetwork/flare-periphery-contracts/coston2/IReferencedPaymentNonexistenceVerification.sol
end_of_record

SF:/Users/amac/code/flare/flux/node_modules/@flarenetwork/flare-periphery-contracts/coston2/IRelay.sol
end_of_record

SF:/Users/amac/code/flare/flux/node_modules/@flarenetwork/flare-periphery-contracts/coston2/IRewardManager.sol
end_of_record

SF:/Users/amac/code/flare/flux/node_modules/@flarenetwork/flare-periphery-contracts/coston2/ISortition.sol
end_of_record

SF:/Users/amac/code/flare/flux/node_modules/@flarenetwork/flare-periphery-contracts/coston2/ISubmission.sol
end_of_record

SF:/Users/amac/code/flare/flux/node_modules/@flarenetwork/flare-periphery-contracts/coston2/IVPContractEvents.sol
end_of_record

SF:/Users/amac/code/flare/flux/node_modules/@flarenetwork/flare-periphery-contracts/coston2/IVPToken.sol
end_of_record

SF:/Users/amac/code/flare/flux/node_modules/@flarenetwork/flare-periphery-contracts/coston2/IVoterRegistry.sol
end_of_record

SF:/Users/amac/code/flare/flux/node_modules/@flarenetwork/flare-periphery-contracts/coston2/IVoterWhitelister.sol
end_of_record

SF:/Users/amac/code/flare/flux/node_modules/@flarenetwork/flare-periphery-contracts/coston2/IWNat.sol
end_of_record

SF:/Users/amac/code/flare/flux/node_modules/@flarenetwork/flare-periphery-contracts/coston2/IWNatDelegationFee.sol
end_of_record

SF:/Users/amac/code/flare/flux/node_modules/@flarenetwork/flare-periphery-contracts/coston2/IWeb2Json.sol
end_of_record

SF:/Users/amac/code/flare/flux/node_modules/@flarenetwork/flare-periphery-contracts/coston2/IWeb2JsonVerification.sol
end_of_record

SF:/Users/amac/code/flare/flux/node_modules/@flarenetwork/flare-periphery-contracts/coston2/ProtocolsV2Interface.sol
end_of_record

SF:/Users/amac/code/flare/flux/node_modules/@flarenetwork/flare-periphery-contracts/coston2/RandomNumberV2Interface.sol
end_of_record

SF:/Users/amac/code/flare/flux/node_modules/@flarenetwork/flare-periphery-contracts/coston2/RewardsV2Interface.sol
end_of_record

SF:/Users/amac/code/flare/flux/node_modules/@flarenetwork/flare-periphery-contracts/coston2/TestFtsoV2Interface.sol
end_of_record

SF:/Users/amac/code/flare/flux/node_modules/@flarenetwork/flare-periphery-contracts/coston2/data/AgentInfo.sol
DA:6,0
end_of_record

SF:/Users/amac/code/flare/flux/node_modules/@flarenetwork/flare-periphery-contracts/coston2/data/AgentSettings.sol
DA:6,0
end_of_record

SF:/Users/amac/code/flare/flux/node_modules/@flarenetwork/flare-periphery-contracts/coston2/data/AssetManagerSettings.sol
DA:4,0
end_of_record

SF:/Users/amac/code/flare/flux/node_modules/@flarenetwork/flare-periphery-contracts/coston2/data/AvailableAgentInfo.sol
DA:6,0
end_of_record

SF:/Users/amac/code/flare/flux/node_modules/@flarenetwork/flare-periphery-contracts/coston2/data/CollateralReservationInfo.sol
DA:4,0
end_of_record

SF:/Users/amac/code/flare/flux/node_modules/@flarenetwork/flare-periphery-contracts/coston2/data/CollateralType.sol
DA:6,0
end_of_record

SF:/Users/amac/code/flare/flux/node_modules/@flarenetwork/flare-periphery-contracts/coston2/data/EmergencyPause.sol
DA:4,0
end_of_record

SF:/Users/amac/code/flare/flux/node_modules/@flarenetwork/flare-periphery-contracts/coston2/data/RedemptionRequestInfo.sol
DA:4,0
end_of_record

SF:/Users/amac/code/flare/flux/node_modules/@flarenetwork/flare-periphery-contracts/coston2/data/RedemptionTicketInfo.sol
DA:4,0
end_of_record

SF:/Users/amac/code/flare/flux/node_modules/@flarenetwork/flare-periphery-contracts/coston2/diamond/interfaces/IDiamondLoupe.sol
end_of_record

SF:/Users/amac/code/flare/flux/node_modules/@flarenetwork/flare-periphery-contracts/coston2/ftso/interfaces/IIFtso.sol
end_of_record

SF:/Users/amac/code/flare/flux/node_modules/@flarenetwork/flare-periphery-contracts/coston2/genesis/interfaces/IFtsoGenesis.sol
end_of_record

SF:/Users/amac/code/flare/flux/node_modules/@flarenetwork/flare-periphery-contracts/coston2/genesis/interfaces/IFtsoManagerGenesis.sol
end_of_record

SF:/Users/amac/code/flare/flux/node_modules/@flarenetwork/flare-periphery-contracts/coston2/genesis/interfaces/IFtsoRegistryGenesis.sol
end_of_record

SF:/Users/amac/code/flare/flux/node_modules/@flarenetwork/flare-periphery-contracts/coston2/token/interfaces/IICleanable.sol
end_of_record

SF:/Users/amac/code/flare/flux/node_modules/@flarenetwork/flare-periphery-contracts/coston2/token/interfaces/IIGovernanceVotePower.sol
end_of_record

SF:/Users/amac/code/flare/flux/node_modules/@flarenetwork/flare-periphery-contracts/coston2/token/interfaces/IIVPContract.sol
end_of_record

SF:/Users/amac/code/flare/flux/node_modules/@flarenetwork/flare-periphery-contracts/coston2/token/interfaces/IIVPToken.sol
end_of_record

SF:/Users/amac/code/flare/flux/node_modules/@openzeppelin/contracts/interfaces/IERC1363.sol
end_of_record

SF:/Users/amac/code/flare/flux/node_modules/@openzeppelin/contracts/interfaces/IERC165.sol
end_of_record

SF:/Users/amac/code/flare/flux/node_modules/@openzeppelin/contracts/interfaces/IERC20.sol
end_of_record

SF:/Users/amac/code/flare/flux/node_modules/@openzeppelin/contracts/interfaces/draft-IERC6093.sol
end_of_record

SF:/Users/amac/code/flare/flux/node_modules/@openzeppelin/contracts/token/ERC20/ERC20.sol
DA:45,6
DA:46,7
DA:52,8
DA:53,0
DA:60,0
DA:61,0
DA:82,4
DA:83,0
DA:87,10
DA:88,13
DA:99,12
DA:101,5
DA:106,0
DA:107,25
DA:120,22
DA:122,6
DA:123,4
DA:142,14
DA:144,6
DA:145,7
DA:146,2
DA:159,1
DA:160,5
DA:161,0
DA:163,5
DA:164,0
DA:166,6
DA:176,5
DA:177,9
DA:179,15
DA:181,14
DA:182,7
DA:183,8
DA:187,19
DA:191,6
DA:194,0
DA:199,19
DA:203,18
DA:214,1
DA:215,5
DA:216,0
DA:218,6
DA:229,0
DA:230,0
DA:231,0
DA:233,0
DA:251,5
DA:252,8
DA:273,6
DA:274,5
DA:275,0
DA:277,5
DA:278,0
DA:280,28
DA:281,4
DA:282,18
DA:294,6
DA:295,1
DA:296,5
DA:297,0
DA:298,8
DA:301,1
end_of_record

SF:/Users/amac/code/flare/flux/node_modules/@openzeppelin/contracts/token/ERC20/IERC20.sol
end_of_record

SF:/Users/amac/code/flare/flux/node_modules/@openzeppelin/contracts/token/ERC20/extensions/IERC20Metadata.sol
end_of_record

SF:/Users/amac/code/flare/flux/node_modules/@openzeppelin/contracts/token/ERC20/utils/SafeERC20.sol
DA:18,0
DA:33,5
DA:34,50
DA:41,6
DA:42,16
DA:173,1
DA:174,1
DA:175,1
DA:177,11
DA:179,4
DA:180,2
DA:181,4
DA:182,3
DA:184,2
DA:185,2
DA:188,14
DA:189,0
end_of_record

SF:/Users/amac/code/flare/flux/node_modules/@openzeppelin/contracts/utils/Context.sol
DA:18,6
end_of_record

SF:/Users/amac/code/flare/flux/node_modules/@openzeppelin/contracts/utils/ReentrancyGuard.sol
DA:37,4
DA:38,2
DA:48,2
DA:59,12
DA:60,2
DA:61,5
DA:64,2
DA:66,6
DA:67,0
DA:71,2
DA:74,3
DA:77,6
end_of_record

SF:/Users/amac/code/flare/flux/node_modules/@openzeppelin/contracts/utils/introspection/IERC165.sol
end_of_record

SF:/Users/amac/code/flare/flux/contracts/PredictionDerivatives.sol
DA:84,207
DA:88,14
DA:91,6
DA:94,1
DA:97,1
DA:100,1
DA:103,6
DA:106,1
DA:109,1
DA:112,0
DA:115,0
DA:118,0
DA:121,0
DA:124,6
DA:127,0
DA:130,0
DA:133,0
DA:137,79
DA:143,0
DA:152,27
DA:153,5
DA:154,5
DA:156,5
DA:157,3
DA:158,11
DA:159,9
DA:160,2
DA:171,19
DA:176,5
DA:178,6
DA:179,6
DA:180,6
DA:183,10
DA:186,8
DA:189,12
DA:191,30
DA:197,9
DA:198,73
DA:199,11
DA:205,3
DA:206,12
DA:207,9
DA:208,15
DA:209,6
DA:215,2
DA:221,3
DA:222,12
DA:223,15
DA:225,226
DA:226,1
DA:227,2
DA:228,1
DA:233,1
DA:234,1
DA:237,29
DA:245,22
DA:246,10
DA:247,19
DA:248,8
DA:251,74
DA:252,15
DA:255,180
DA:258,14
DA:259,13
DA:262,8
DA:265,4
DA:266,8
DA:269,16
DA:276,16
DA:277,10
DA:278,19
DA:279,16
DA:282,74
DA:283,15
DA:286,18
DA:289,8
DA:292,4
DA:293,8
DA:296,15
DA:304,0
DA:305,0
DA:313,16
DA:314,184
DA:315,6
DA:317,74
DA:318,13
DA:320,7
DA:328,14
DA:329,184
DA:330,6
DA:332,66
DA:333,13
DA:336,21
DA:338,4
DA:346,0
DA:347,0
DA:353,4
DA:354,0
DA:355,0
DA:356,1
DA:363,0
DA:364,0
DA:365,0
DA:372,0
DA:373,0
DA:374,0
DA:380,1
DA:384,2
DA:385,27
DA:386,3
DA:388,3
DA:395,10
DA:398,36
DA:400,12
DA:403,13
DA:408,24
end_of_record

SF:/Users/amac/code/flare/flux/contracts/PredictionMarketOracle.sol
DA:65,0
DA:67,0
DA:70,0
DA:73,0
DA:76,0
DA:79,0
DA:82,0
DA:85,0
DA:92,0
DA:97,0
DA:98,0
DA:106,0
DA:108,0
DA:111,0
DA:114,0
DA:117,0
DA:118,0
DA:119,0
DA:120,0
DA:121,0
DA:122,0
DA:123,0
DA:124,0
DA:127,0
DA:130,0
DA:131,0
DA:132,0
DA:135,0
DA:143,0
DA:144,0
DA:145,0
DA:154,0
DA:156,0
DA:157,0
DA:158,0
DA:159,0
DA:168,0
DA:169,0
DA:170,0
DA:171,0
DA:178,0
DA:179,0
DA:186,0
DA:187,0
DA:194,0
DA:195,0
DA:196,0
DA:203,0
DA:204,0
DA:205,0
DA:212,0
DA:213,0
DA:214,0
DA:221,0
DA:223,0
DA:224,0
DA:227,0
DA:228,0
DA:231,0
DA:239,0
DA:240,0
DA:241,0
DA:248,0
end_of_record

SF:/Users/amac/code/flare/flux/contracts/mocks/MockERC20.sol
DA:11,89
DA:14,30
DA:15,4
DA:18,0
DA:19,0
DA:22,16
DA:23,6
DA:26,0
DA:27,0
end_of_record

SF:/Users/amac/code/flare/flux/contracts/test/EchidnaTest.sol
DA:1,8
DA:2,0
DA:4,7
DA:5,12
DA:6,2
DA:8,0
DA:9,0
DA:10,7
DA:11,1
DA:12,2
DA:13,9
DA:15,13
DA:16,2
DA:17,2
DA:18,5
DA:19,11
DA:20,1
DA:21,15
DA:22,8
DA:23,7
DA:24,2
DA:25,1
DA:26,1
DA:27,3
DA:29,12
DA:30,2
DA:31,1
DA:33,16
DA:34,5
DA:35,7
DA:36,1
DA:38,12
DA:39,5
DA:40,0
DA:42,0
DA:44,1
DA:45,3
DA:46,7
DA:47,5
DA:48,1
DA:49,4
DA:50,3
DA:52,4
DA:54,6
DA:55,10
DA:56,10
DA:57,1
DA:58,3
DA:59,7
DA:60,5
DA:61,8
DA:62,0
DA:63,3
DA:64,14
DA:66,4
DA:67,9
DA:68,6
DA:69,0
DA:71,0
DA:73,0
DA:74,0
DA:75,5
DA:76,0
DA:77,7
DA:78,0
DA:79,0
DA:80,0
DA:81,0
DA:82,0
DA:83,0
DA:84,0
DA:85,0
DA:87,0
DA:88,0
DA:89,1
DA:90,4
DA:91,0
DA:92,0
DA:93,8
DA:94,6
DA:95,8
DA:96,11
DA:97,5
DA:98,1
DA:99,0
DA:100,0
DA:101,4
DA:102,0
DA:104,0
DA:105,8
DA:107,3
DA:108,19
DA:109,6
DA:112,1
DA:113,2
DA:114,12
DA:115,4
DA:116,1
DA:118,0
DA:119,12
DA:120,0
DA:121,14
DA:122,6
DA:123,0
DA:124,0
DA:125,2
DA:126,6
DA:127,6
DA:128,1
DA:129,3
DA:130,2
DA:132,2
DA:135,0
DA:137,16
DA:138,7
DA:139,9
DA:141,86
DA:142,15
DA:143,0
DA:144,0
DA:146,11
DA:147,7
DA:148,9
DA:150,37
DA:151,0
DA:152,0
DA:153,0
DA:155,11
DA:156,7
DA:157,9
DA:159,37
DA:160,0
DA:161,0
DA:164,11
DA:165,7
DA:166,9
DA:168,37
DA:173,14
DA:174,7
DA:176,64
DA:177,60
DA:178,62
DA:179,7
DA:180,20
DA:181,0
DA:182,0
DA:183,0
DA:184,0
DA:185,13
DA:186,7
DA:188,42
DA:189,0
DA:190,0
DA:192,14
DA:193,8
DA:194,9
DA:195,66
DA:198,0
DA:200,5
DA:201,5
DA:202,6
DA:203,14
DA:204,0
DA:206,4
DA:207,3
DA:208,70
DA:209,9
DA:210,1
DA:212,2
DA:213,66
DA:214,8
DA:215,6
DA:216,0
DA:217,0
DA:218,551
end_of_record

